<?xml version="1.0" encoding="UTF-8"?>
<testng-results ignored="0" total="2" passed="2" failed="0" skipped="0">
  <reporter-output>
  </reporter-output>
  <suite started-at="2025-02-22T19:48:38 IST" name="Default suite" finished-at="2025-02-22T19:48:52 IST" duration-ms="13753">
    <groups>
    </groups>
    <test started-at="2025-02-22T19:48:38 IST" name="Default test" finished-at="2025-02-22T19:48:52 IST" duration-ms="13753">
      <class name="com.TestCases.pages.YourKartPageTest">
        <test-method is-config="true" signature="setup()[pri:0, instance:com.TestCases.pages.YourKartPageTest@16150369]" started-at="2025-02-22T19:48:38 IST" name="setup" finished-at="2025-02-22T19:48:45 IST" duration-ms="6570" status="PASS">
          <reporter-output>
          </reporter-output>
        </test-method> <!-- setup -->
        <test-method signature="verifyPageURLTest()[pri:1, instance:com.TestCases.pages.YourKartPageTest@16150369]" started-at="2025-02-22T19:48:45 IST" name="verifyPageURLTest" finished-at="2025-02-22T19:48:45 IST" duration-ms="97" status="PASS">
          <reporter-output>
          </reporter-output>
        </test-method> <!-- verifyPageURLTest -->
        <test-method is-config="true" signature="teardown()[pri:0, instance:com.TestCases.pages.YourKartPageTest@16150369]" started-at="2025-02-22T19:48:45 IST" name="teardown" finished-at="2025-02-22T19:48:45 IST" duration-ms="263" status="PASS">
          <reporter-output>
          </reporter-output>
        </test-method> <!-- teardown -->
        <test-method is-config="true" signature="setup()[pri:0, instance:com.TestCases.pages.YourKartPageTest@16150369]" started-at="2025-02-22T19:48:45 IST" name="setup" finished-at="2025-02-22T19:48:52 IST" duration-ms="6250" status="PASS">
          <reporter-output>
          </reporter-output>
        </test-method> <!-- setup -->
        <test-method signature="checkouttest()[pri:2, instance:com.TestCases.pages.YourKartPageTest@16150369]" started-at="2025-02-22T19:48:52 IST" name="checkouttest" finished-at="2025-02-22T19:48:52 IST" duration-ms="145" status="PASS">
          <reporter-output>
          </reporter-output>
        </test-method> <!-- checkouttest -->
        <test-method is-config="true" signature="teardown()[pri:0, instance:com.TestCases.pages.YourKartPageTest@16150369]" started-at="2025-02-22T19:48:52 IST" name="teardown" finished-at="2025-02-22T19:48:52 IST" duration-ms="180" status="PASS">
          <reporter-output>
          </reporter-output>
        </test-method> <!-- teardown -->
      </class> <!-- com.TestCases.pages.YourKartPageTest -->
    </test> <!-- Default test -->
  </suite> <!-- Default suite -->
</testng-results>
