<?xml version="1.0" encoding="UTF-8"?>
<testng-results ignored="1" total="2" passed="1" failed="0" skipped="0">
  <reporter-output>
  </reporter-output>
  <suite started-at="2025-02-22T21:05:33 IST" name="Default suite" finished-at="2025-02-22T21:05:44 IST" duration-ms="10662">
    <groups>
    </groups>
    <test started-at="2025-02-22T21:05:33 IST" name="Default test" finished-at="2025-02-22T21:05:44 IST" duration-ms="10662">
      <class name="com.TestCases.pages.YourKartPageTest">
        <test-method is-config="true" signature="setup()[pri:0, instance:com.TestCases.pages.YourKartPageTest@23f5b5dc]" started-at="2025-02-22T21:05:33 IST" name="setup" finished-at="2025-02-22T21:05:43 IST" duration-ms="9925" status="PASS">
          <reporter-output>
          </reporter-output>
        </test-method> <!-- setup -->
        <test-method signature="verifyPageURLTest()[pri:1, instance:com.TestCases.pages.YourKartPageTest@23f5b5dc]" started-at="2025-02-22T21:05:43 IST" name="verifyPageURLTest" finished-at="2025-02-22T21:05:44 IST" duration-ms="146" status="PASS">
          <reporter-output>
          </reporter-output>
        </test-method> <!-- verifyPageURLTest -->
        <test-method is-config="true" signature="teardown()[pri:0, instance:com.TestCases.pages.YourKartPageTest@23f5b5dc]" started-at="2025-02-22T21:05:44 IST" name="teardown" finished-at="2025-02-22T21:05:44 IST" duration-ms="333" status="PASS">
          <reporter-output>
          </reporter-output>
        </test-method> <!-- teardown -->
      </class> <!-- com.TestCases.pages.YourKartPageTest -->
    </test> <!-- Default test -->
  </suite> <!-- Default suite -->
</testng-results>
