<?xml version="1.0" encoding="UTF-8"?>
<!-- Generated by org.testng.reporters.JUnitXMLReporter -->
<testsuite ignored="1" hostname="DESKTOP-1I6KDGS" failures="0" tests="1" name="Default test" time="10.662" errors="0" timestamp="2025-02-22T21:05:44 IST">
  <testcase classname="com.TestCases.pages.YourKartPageTest" name="verifyPageURLTest" time="0.146"/>
  <testcase classname="com.TestCases.pages.YourKartPageTest" name="checkouttest" time="0.0">
    <ignored/>
  </testcase> <!-- checkouttest -->
</testsuite> <!-- Default test -->
