<?xml version="1.0" encoding="UTF-8"?>
<!-- Generated by org.testng.reporters.JUnitXMLReporter -->
<testsuite ignored="0" hostname="DESKTOP-1I6KDGS" failures="0" tests="3" name="Default test" time="26.898" errors="0" timestamp="2025-02-19T08:20:04 IST">
  <testcase classname="com.TestCases.pages.LoginPagetest" name="PagetitleTest" time="0.184"/>
  <testcase classname="com.TestCases.pages.LoginPagetest" name="PageUrlTest" time="0.02"/>
  <testcase classname="com.TestCases.pages.LoginPagetest" name="LoginTest" time="0.66"/>
</testsuite> <!-- Default test -->
