<?xml version="1.0" encoding="UTF-8"?>
<!-- Generated by org.testng.reporters.JUnitXMLReporter -->
<testsuite ignored="0" hostname="DESKTOP-1I6KDGS" failures="0" tests="6" name="SauseLab_Test" time="22.784" errors="0" timestamp="2025-02-19T08:21:06 IST">
  <testcase classname="com.TestCases.pages.LoginPagetest" name="PagetitleTest" time="0.113"/>
  <testcase classname="com.TestCases.pages.LoginPagetest" name="PageUrlTest" time="0.017"/>
  <testcase classname="com.TestCases.pages.LoginPagetest" name="LoginTest" time="0.623"/>
  <testcase classname="com.TestCases.pages.ProductPageTest" name="verifytitleTest" time="0.053"/>
  <testcase classname="com.TestCases.pages.ProductPageTest" name="verifyURlTest" time="0.024"/>
  <testcase classname="com.TestCases.pages.ProductPageTest" name="Add_itemstokartTest" time="0.559"/>
</testsuite> <!-- SauseLab_Test -->
